<?xml version="1.0" encoding="UTF-8"?>
<testng-results ignored="8" total="11" passed="3" failed="0" skipped="0">
  <reporter-output>
  </reporter-output>
  <suite started-at="2024-11-03T19:21:59 IST" name="Loan Department" finished-at="2024-11-03T19:21:59 IST" duration-ms="77">
    <groups>
      <group name="Smoke">
        <method signature="Basics2.ploan()[pri:0, instance:A_Test.Basics2@14555e0a]" name="ploan" class="A_Test.Basics2"/>
        <method signature="Basics3.mobileLoginCarLoan()[pri:0, instance:A_Test.Basics3@3d5c822d]" name="mobileLoginCarLoan" class="A_Test.Basics3"/>
        <method signature="Basics4.mobileLoginHomeLoan()[pri:0, instance:A_Test.Basics4@4bb33f74]" name="mobileLoginHomeLoan" class="A_Test.Basics4"/>
      </group> <!-- Smoke -->
    </groups>
    <test started-at="2024-11-03T19:21:59 IST" name="Regression" finished-at="2024-11-03T19:21:59 IST" duration-ms="77">
      <class name="A_Test.Basics4">
        <test-method signature="mobileLoginHomeLoan()[pri:0, instance:A_Test.Basics4@4bb33f74]" started-at="2024-11-03T19:21:59 IST" name="mobileLoginHomeLoan" finished-at="2024-11-03T19:21:59 IST" duration-ms="1" status="PASS">
          <reporter-output>
          </reporter-output>
        </test-method> <!-- mobileLoginHomeLoan -->
      </class> <!-- A_Test.Basics4 -->
      <class name="A_Test.Basics3">
        <test-method signature="mobileLoginCarLoan()[pri:0, instance:A_Test.Basics3@3d5c822d]" started-at="2024-11-03T19:21:59 IST" name="mobileLoginCarLoan" finished-at="2024-11-03T19:21:59 IST" duration-ms="1" status="PASS">
          <reporter-output>
          </reporter-output>
        </test-method> <!-- mobileLoginCarLoan -->
      </class> <!-- A_Test.Basics3 -->
      <class name="A_Test.Basics2">
        <test-method signature="ploan()[pri:0, instance:A_Test.Basics2@14555e0a]" started-at="2024-11-03T19:21:59 IST" name="ploan" finished-at="2024-11-03T19:21:59 IST" duration-ms="16" status="PASS">
          <reporter-output>
          </reporter-output>
        </test-method> <!-- ploan -->
      </class> <!-- A_Test.Basics2 -->
    </test> <!-- Regression -->
  </suite> <!-- Loan Department -->
</testng-results>
