<?xml version="1.0" encoding="UTF-8"?>
<testng-results ignored="0" total="3" passed="3" failed="0" skipped="0">
  <reporter-output>
  </reporter-output>
  <suite started-at="2024-11-01T02:51:14 IST" name="Loan Department" finished-at="2024-11-01T02:51:14 IST" duration-ms="67">
    <groups>
    </groups>
    <test started-at="2024-11-01T02:51:14 IST" name="Personal Loan" finished-at="2024-11-01T02:51:14 IST" duration-ms="67">
      <class name="A_Test.Basics">
        <test-method signature="demo()[pri:0, instance:A_Test.Basics@65f095f8]" started-at="2024-11-01T02:51:14 IST" name="demo" finished-at="2024-11-01T02:51:14 IST" duration-ms="12" status="PASS">
          <reporter-output>
          </reporter-output>
        </test-method> <!-- demo -->
        <test-method signature="secondTest()[pri:0, instance:A_Test.Basics@65f095f8]" started-at="2024-11-01T02:51:14 IST" name="secondTest" finished-at="2024-11-01T02:51:14 IST" duration-ms="1" status="PASS">
          <reporter-output>
          </reporter-output>
        </test-method> <!-- secondTest -->
      </class> <!-- A_Test.Basics -->
      <class name="A_Test.Basics2">
        <test-method signature="ploan()[pri:0, instance:A_Test.Basics2@41fecb8b]" started-at="2024-11-01T02:51:14 IST" name="ploan" finished-at="2024-11-01T02:51:14 IST" duration-ms="1" status="PASS">
          <reporter-output>
          </reporter-output>
        </test-method> <!-- ploan -->
      </class> <!-- A_Test.Basics2 -->
    </test> <!-- Personal Loan -->
  </suite> <!-- Loan Department -->
</testng-results>
