<?xml version="1.0" encoding="UTF-8"?>
<testng-results ignored="3" total="11" passed="8" failed="0" skipped="0">
  <reporter-output>
  </reporter-output>
  <suite started-at="2024-11-04T18:57:59 IST" name="Loan Department" finished-at="2024-11-04T18:57:59 IST" duration-ms="212">
    <groups>
      <group name="Smoke">
        <method signature="Basics2.ploan()[pri:0, instance:A_Test.Basics2@6d4e5011]" name="ploan" class="A_Test.Basics2"/>
        <method signature="Basics4.mobileLoginHomeLoan()[pri:0, instance:A_Test.Basics4@57d7f8ca]" name="mobileLoginHomeLoan" class="A_Test.Basics4"/>
        <method signature="Basics3.mobileLoginCarLoan()[pri:0, instance:A_Test.Basics3@7c711375]" name="mobileLoginCarLoan" class="A_Test.Basics3"/>
      </group> <!-- Smoke -->
    </groups>
    <test started-at="2024-11-04T18:57:59 IST" name="Personal Loan" finished-at="2024-11-04T18:57:59 IST" duration-ms="72">
      <class name="A_Test.Basics4">
        <test-method signature="LoginAPIHomeLoan()[pri:0, instance:A_Test.Basics4@57d7f8ca]" started-at="2024-11-04T18:57:59 IST" name="LoginAPIHomeLoan" finished-at="2024-11-04T18:57:59 IST" duration-ms="2" status="PASS">
          <reporter-output>
          </reporter-output>
        </test-method> <!-- LoginAPIHomeLoan -->
        <test-method signature="mobileLoginHomeLoan()[pri:0, instance:A_Test.Basics4@57d7f8ca]" started-at="2024-11-04T18:57:59 IST" name="mobileLoginHomeLoan" finished-at="2024-11-04T18:57:59 IST" duration-ms="2" status="PASS">
          <reporter-output>
          </reporter-output>
        </test-method> <!-- mobileLoginHomeLoan -->
        <test-method signature="webLoginHomeLoan(java.lang.String)[pri:0, instance:A_Test.Basics4@57d7f8ca]" started-at="2024-11-04T18:57:59 IST" name="webLoginHomeLoan" finished-at="2024-11-04T18:57:59 IST" duration-ms="1" status="PASS">
          <params>
            <param index="0">
              <value>
                <![CDATA[personalLoan.com]]>
              </value>
            </param>
          </params>
          <reporter-output>
          </reporter-output>
        </test-method> <!-- webLoginHomeLoan -->
      </class> <!-- A_Test.Basics4 -->
      <class name="A_Test.Basics">
        <test-method signature="demo()[pri:0, instance:A_Test.Basics@429bffaa]" started-at="2024-11-04T18:57:59 IST" name="demo" finished-at="2024-11-04T18:57:59 IST" duration-ms="9" status="PASS">
          <reporter-output>
          </reporter-output>
        </test-method> <!-- demo -->
        <test-method is-config="true" signature="lastExecution()[pri:0, instance:A_Test.Basics@429bffaa]" started-at="2024-11-04T18:57:59 IST" name="lastExecution" finished-at="2024-11-04T18:57:59 IST" duration-ms="1" status="PASS">
          <reporter-output>
          </reporter-output>
        </test-method> <!-- lastExecution -->
      </class> <!-- A_Test.Basics -->
      <class name="A_Test.Basics2">
        <test-method is-config="true" signature="prerequesite()[pri:0, instance:A_Test.Basics2@6d4e5011]" started-at="2024-11-04T18:57:59 IST" name="prerequesite" finished-at="2024-11-04T18:57:59 IST" duration-ms="1" status="PASS">
          <reporter-output>
          </reporter-output>
        </test-method> <!-- prerequesite -->
        <test-method signature="ploan()[pri:0, instance:A_Test.Basics2@6d4e5011]" started-at="2024-11-04T18:57:59 IST" name="ploan" finished-at="2024-11-04T18:57:59 IST" duration-ms="3" status="PASS">
          <reporter-output>
          </reporter-output>
        </test-method> <!-- ploan -->
      </class> <!-- A_Test.Basics2 -->
    </test> <!-- Personal Loan -->
    <test started-at="2024-11-04T18:57:59 IST" name="Car Loan" finished-at="2024-11-04T18:57:59 IST" duration-ms="30">
      <class name="A_Test.Basics3">
        <test-method is-config="true" signature="bfSuite()[pri:0, instance:A_Test.Basics3@7c711375]" started-at="2024-11-04T18:57:59 IST" name="bfSuite" finished-at="2024-11-04T18:57:59 IST" duration-ms="6" status="PASS">
          <reporter-output>
          </reporter-output>
        </test-method> <!-- bfSuite -->
        <test-method is-config="true" signature="beforeClass()[pri:0, instance:A_Test.Basics3@7c711375]" started-at="2024-11-04T18:57:59 IST" name="beforeClass" finished-at="2024-11-04T18:57:59 IST" duration-ms="1" status="PASS">
          <reporter-output>
          </reporter-output>
        </test-method> <!-- beforeClass -->
        <test-method is-config="true" signature="beforeEvery()[pri:0, instance:A_Test.Basics3@7c711375]" started-at="2024-11-04T18:57:59 IST" name="beforeEvery" finished-at="2024-11-04T18:57:59 IST" duration-ms="0" status="PASS">
          <reporter-output>
          </reporter-output>
        </test-method> <!-- beforeEvery -->
        <test-method signature="mobileLoginCarLoan()[pri:0, instance:A_Test.Basics3@7c711375]" started-at="2024-11-04T18:57:59 IST" name="mobileLoginCarLoan" finished-at="2024-11-04T18:57:59 IST" duration-ms="3" status="PASS">
          <reporter-output>
          </reporter-output>
        </test-method> <!-- mobileLoginCarLoan -->
        <test-method is-config="true" signature="afterEvery()[pri:0, instance:A_Test.Basics3@7c711375]" started-at="2024-11-04T18:57:59 IST" name="afterEvery" finished-at="2024-11-04T18:57:59 IST" duration-ms="0" status="PASS">
          <reporter-output>
          </reporter-output>
        </test-method> <!-- afterEvery -->
        <test-method signature="mobileSignOutCarLoan()[pri:0, instance:A_Test.Basics3@7c711375]" started-at="2024-11-04T18:57:59 IST" name="mobileSignOutCarLoan" finished-at="2024-11-04T18:57:59 IST" duration-ms="5" status="PASS">
          <reporter-output>
          </reporter-output>
        </test-method> <!-- mobileSignOutCarLoan -->
        <test-method is-config="true" signature="beforeEvery()[pri:0, instance:A_Test.Basics3@7c711375]" started-at="2024-11-04T18:57:59 IST" name="beforeEvery" finished-at="2024-11-04T18:57:59 IST" duration-ms="0" status="PASS">
          <reporter-output>
          </reporter-output>
        </test-method> <!-- beforeEvery -->
        <test-method is-config="true" signature="afterEvery()[pri:0, instance:A_Test.Basics3@7c711375]" started-at="2024-11-04T18:57:59 IST" name="afterEvery" finished-at="2024-11-04T18:57:59 IST" duration-ms="1" status="PASS">
          <reporter-output>
          </reporter-output>
        </test-method> <!-- afterEvery -->
        <test-method is-config="true" signature="beforeEvery()[pri:0, instance:A_Test.Basics3@7c711375]" started-at="2024-11-04T18:57:59 IST" name="beforeEvery" finished-at="2024-11-04T18:57:59 IST" duration-ms="0" status="PASS">
          <reporter-output>
          </reporter-output>
        </test-method> <!-- beforeEvery -->
        <test-method signature="webLoginCarLoan(java.lang.String,java.lang.String)[pri:0, instance:A_Test.Basics3@7c711375]" started-at="2024-11-04T18:57:59 IST" name="webLoginCarLoan" finished-at="2024-11-04T18:57:59 IST" duration-ms="1" status="PASS">
          <params>
            <param index="0">
              <value>
                <![CDATA[carLoan.com]]>
              </value>
            </param>
            <param index="1">
              <value>
                <![CDATA[123456]]>
              </value>
            </param>
          </params>
          <reporter-output>
          </reporter-output>
        </test-method> <!-- webLoginCarLoan -->
        <test-method is-config="true" signature="afterEvery()[pri:0, instance:A_Test.Basics3@7c711375]" started-at="2024-11-04T18:57:59 IST" name="afterEvery" finished-at="2024-11-04T18:57:59 IST" duration-ms="1" status="PASS">
          <reporter-output>
          </reporter-output>
        </test-method> <!-- afterEvery -->
        <test-method is-config="true" signature="afterClass()[pri:0, instance:A_Test.Basics3@7c711375]" started-at="2024-11-04T18:57:59 IST" name="afterClass" finished-at="2024-11-04T18:57:59 IST" duration-ms="0" status="PASS">
          <reporter-output>
          </reporter-output>
        </test-method> <!-- afterClass -->
      </class> <!-- A_Test.Basics3 -->
      <class name="A_Test.Basics">
        <test-method is-config="true" signature="afSuite()[pri:0, instance:A_Test.Basics@429bffaa]" started-at="2024-11-04T18:57:59 IST" name="afSuite" finished-at="2024-11-04T18:57:59 IST" duration-ms="0" status="PASS">
          <reporter-output>
          </reporter-output>
        </test-method> <!-- afSuite -->
      </class> <!-- A_Test.Basics -->
    </test> <!-- Car Loan -->
  </suite> <!-- Loan Department -->
</testng-results>
