<?xml version="1.0" encoding="UTF-8"?>
<testng-results ignored="2" total="9" passed="7" failed="0" skipped="0">
  <reporter-output>
  </reporter-output>
  <suite started-at="2024-11-02T13:11:13 IST" name="Loan Department" finished-at="2024-11-02T13:11:13 IST" duration-ms="201">
    <groups>
    </groups>
    <test started-at="2024-11-02T13:11:13 IST" name="Personal Loan" finished-at="2024-11-02T13:11:13 IST" duration-ms="65">
      <class name="A_Test.Basics4">
        <test-method signature="LoginAPICarLoan()[pri:0, instance:A_Test.Basics4@4e096385]" started-at="2024-11-02T13:11:13 IST" name="LoginAPICarLoan" finished-at="2024-11-02T13:11:13 IST" duration-ms="1" status="PASS">
          <reporter-output>
          </reporter-output>
        </test-method> <!-- LoginAPICarLoan -->
        <test-method signature="mobileLoginCarLoan()[pri:0, instance:A_Test.Basics4@4e096385]" started-at="2024-11-02T13:11:13 IST" name="mobileLoginCarLoan" finished-at="2024-11-02T13:11:13 IST" duration-ms="1" status="PASS">
          <reporter-output>
          </reporter-output>
        </test-method> <!-- mobileLoginCarLoan -->
        <test-method signature="webLoginHomeLoan()[pri:0, instance:A_Test.Basics4@4e096385]" started-at="2024-11-02T13:11:13 IST" name="webLoginHomeLoan" finished-at="2024-11-02T13:11:13 IST" duration-ms="1" status="PASS">
          <reporter-output>
          </reporter-output>
        </test-method> <!-- webLoginHomeLoan -->
      </class> <!-- A_Test.Basics4 -->
      <class name="A_Test.Basics">
        <test-method signature="demo()[pri:0, instance:A_Test.Basics@378542de]" started-at="2024-11-02T13:11:13 IST" name="demo" finished-at="2024-11-02T13:11:13 IST" duration-ms="10" status="PASS">
          <reporter-output>
          </reporter-output>
        </test-method> <!-- demo -->
      </class> <!-- A_Test.Basics -->
      <class name="A_Test.Basics2">
        <test-method signature="ploan()[pri:0, instance:A_Test.Basics2@27ff5d15]" started-at="2024-11-02T13:11:13 IST" name="ploan" finished-at="2024-11-02T13:11:13 IST" duration-ms="2" status="PASS">
          <reporter-output>
          </reporter-output>
        </test-method> <!-- ploan -->
      </class> <!-- A_Test.Basics2 -->
    </test> <!-- Personal Loan -->
    <test started-at="2024-11-02T13:11:13 IST" name="Car Loan" finished-at="2024-11-02T13:11:13 IST" duration-ms="17">
      <class name="A_Test.Basics3">
        <test-method signature="LoginAPICarLoan()[pri:0, instance:A_Test.Basics3@f736069]" started-at="2024-11-02T13:11:13 IST" name="LoginAPICarLoan" finished-at="2024-11-02T13:11:13 IST" duration-ms="5" status="PASS">
          <reporter-output>
          </reporter-output>
        </test-method> <!-- LoginAPICarLoan -->
        <test-method signature="webLoginCarLoan()[pri:0, instance:A_Test.Basics3@f736069]" started-at="2024-11-02T13:11:13 IST" name="webLoginCarLoan" finished-at="2024-11-02T13:11:13 IST" duration-ms="2" status="PASS">
          <reporter-output>
          </reporter-output>
        </test-method> <!-- webLoginCarLoan -->
      </class> <!-- A_Test.Basics3 -->
    </test> <!-- Car Loan -->
  </suite> <!-- Loan Department -->
</testng-results>
