<?xml version="1.0" encoding="UTF-8"?>
<!-- Generated by org.testng.reporters.JUnitXMLReporter -->
<testsuite ignored="1" hostname="Srijans-MacBook-Air.local" failures="0" tests="4" name="Default test" time="0.061" errors="0" timestamp="2024-11-04T01:35:36 IST">
  <testcase classname="A_Test.Basics3" name="mobileSignOutCarLoan" time="0.008"/>
  <testcase classname="A_Test.Basics3" name="webLoginCarLoan" time="0.001"/>
  <testcase classname="A_Test.Basics3" name="mobileLoginCarLoan" time="0.002"/>
  <testcase classname="A_Test.Basics3" name="APICarLoan" time="0.001"/>
  <testcase classname="A_Test.Basics3" name="mobileSignInCarLoan" time="0.0">
    <ignored/>
  </testcase> <!-- mobileSignInCarLoan -->
</testsuite> <!-- Default test -->
