<?xml version="1.0" encoding="UTF-8"?>
<!-- Generated by org.testng.reporters.JUnitXMLReporter -->
<testsuite ignored="0" hostname="Srijans-MacBook-Air.local" failures="0" tests="5" name="Default test" time="0.068" errors="0" timestamp="2024-11-03T15:19:45 IST">
  <testcase classname="A_Test.Basics3" name="APICarLoan" time="0.008"/>
  <testcase classname="A_Test.Basics3" name="mobileLoginCarLoan" time="0.003"/>
  <testcase classname="A_Test.Basics3" name="mobileSignInCarLoan" time="0.002"/>
  <testcase classname="A_Test.Basics3" name="mobileSignOutCarLoan" time="0.002"/>
  <testcase classname="A_Test.Basics3" name="webLoginCarLoan" time="0.002"/>
</testsuite> <!-- Default test -->
