<?xml version="1.0" encoding="UTF-8"?>
<!-- Generated by org.testng.reporters.JUnitXMLReporter -->
<testsuite ignored="1" hostname="Srijans-MacBook-Air.local" failures="0" tests="4" name="Car Loan" time="0.027" errors="0" timestamp="2024-11-02T13:29:51 IST">
  <testcase classname="A_Test.Basics3" name="mobileLoginCarLoan" time="0.007"/>
  <testcase classname="A_Test.Basics3" name="mobileSignInCarLoan" time="0.002"/>
  <testcase classname="A_Test.Basics3" name="mobileSignOutCarLoan" time="0.005"/>
  <testcase classname="A_Test.Basics3" name="webLoginCarLoan" time="0.001"/>
  <testcase classname="A_Test.Basics3" name="APICarLoan" time="0.0">
    <ignored/>
  </testcase> <!-- APICarLoan -->
</testsuite> <!-- Car Loan -->
