<?xml version="1.0" encoding="UTF-8"?>
<!-- Generated by org.testng.reporters.JUnitXMLReporter -->
<testsuite ignored="1" hostname="Srijans-MacBook-Air.local" failures="0" tests="2" name="Car Loan" time="0.017" errors="0" timestamp="2024-11-02T13:11:13 IST">
  <testcase classname="A_Test.Basics3" name="LoginAPICarLoan" time="0.005"/>
  <testcase classname="A_Test.Basics3" name="webLoginCarLoan" time="0.002"/>
  <testcase classname="A_Test.Basics3" name="mobileLoginCarLoan" time="0.0">
    <ignored/>
  </testcase> <!-- mobileLoginCarLoan -->
</testsuite> <!-- Car Loan -->
