<?xml version="1.0" encoding="UTF-8"?>
<!-- Generated by org.testng.reporters.JUnitXMLReporter -->
<testsuite ignored="1" hostname="Srijans-MacBook-Air.local" failures="0" tests="5" name="Personal Loan" time="0.072" errors="0" timestamp="2024-11-04T18:57:59 IST">
  <testcase classname="A_Test.Basics" name="demo" time="0.009"/>
  <testcase classname="A_Test.Basics2" name="ploan" time="0.003"/>
  <testcase classname="A_Test.Basics4" name="LoginAPIHomeLoan" time="0.002"/>
  <testcase classname="A_Test.Basics4" name="mobileLoginHomeLoan" time="0.002"/>
  <testcase classname="A_Test.Basics4" name="webLoginHomeLoan" time="0.001"/>
  <testcase classname="A_Test.Basics" name="secondTest" time="0.0">
    <ignored/>
  </testcase> <!-- secondTest -->
</testsuite> <!-- Personal Loan -->
