<?xml version="1.0" encoding="UTF-8"?>
<!-- Generated by org.testng.reporters.JUnitXMLReporter -->
<testsuite ignored="1" hostname="Srijans-MacBook-Air.local" failures="0" tests="5" name="Personal Loan" time="0.075" errors="0" timestamp="2024-11-02T15:39:24 IST">
  <testcase classname="A_Test.Basics" name="demo" time="0.016"/>
  <testcase classname="A_Test.Basics2" name="ploan" time="0.004"/>
  <testcase classname="A_Test.Basics4" name="LoginAPICarLoan" time="0.002"/>
  <testcase classname="A_Test.Basics4" name="mobileLoginCarLoan" time="0.002"/>
  <testcase classname="A_Test.Basics4" name="webLoginHomeLoan" time="0.001"/>
  <testcase classname="A_Test.Basics" name="secondTest" time="0.0">
    <ignored/>
  </testcase> <!-- secondTest -->
</testsuite> <!-- Personal Loan -->
