<?xml version="1.0" encoding="UTF-8"?>
<!-- Generated by org.testng.reporters.JUnitXMLReporter -->
<testsuite ignored="3" hostname="Srijans-MacBook-Air.local" failures="0" tests="8" name="Regression" time="0.102" errors="0" timestamp="2024-11-03T19:26:47 IST">
  <testcase classname="A_Test.Basics" name="demo" time="0.008"/>
  <testcase classname="A_Test.Basics" name="secondTest" time="0.002"/>
  <testcase classname="A_Test.Basics4" name="LoginAPIHomeLoan" time="0.001"/>
  <testcase classname="A_Test.Basics4" name="webLoginHomeLoan" time="0.002"/>
  <testcase classname="A_Test.Basics3" name="APICarLoan" time="0.001"/>
  <testcase classname="A_Test.Basics3" name="mobileSignInCarLoan" time="0.002"/>
  <testcase classname="A_Test.Basics3" name="mobileSignOutCarLoan" time="0.004"/>
  <testcase classname="A_Test.Basics3" name="webLoginCarLoan" time="0.002"/>
  <testcase classname="A_Test.Basics2" name="ploan" time="0.0">
    <ignored/>
  </testcase> <!-- ploan -->
  <testcase classname="A_Test.Basics3" name="mobileLoginCarLoan" time="0.0">
    <ignored/>
  </testcase> <!-- mobileLoginCarLoan -->
  <testcase classname="A_Test.Basics4" name="mobileLoginHomeLoan" time="0.0">
    <ignored/>
  </testcase> <!-- mobileLoginHomeLoan -->
</testsuite> <!-- Regression -->
