<?xml version="1.0" encoding="UTF-8"?>
<!-- Generated by org.testng.reporters.JUnitXMLReporter -->
<testsuite ignored="8" hostname="Srijans-MacBook-Air.local" failures="0" tests="3" name="Regression" time="0.077" errors="0" timestamp="2024-11-03T19:21:59 IST">
  <testcase classname="A_Test.Basics2" name="ploan" time="0.016"/>
  <testcase classname="A_Test.Basics4" name="mobileLoginHomeLoan" time="0.001"/>
  <testcase classname="A_Test.Basics3" name="mobileLoginCarLoan" time="0.001"/>
  <testcase classname="A_Test.Basics3" name="webLoginCarLoan" time="0.0">
    <ignored/>
  </testcase> <!-- webLoginCarLoan -->
  <testcase classname="A_Test.Basics" name="secondTest" time="0.0">
    <ignored/>
  </testcase> <!-- secondTest -->
  <testcase classname="A_Test.Basics3" name="mobileSignOutCarLoan" time="0.0">
    <ignored/>
  </testcase> <!-- mobileSignOutCarLoan -->
  <testcase classname="A_Test.Basics3" name="mobileSignInCarLoan" time="0.0">
    <ignored/>
  </testcase> <!-- mobileSignInCarLoan -->
  <testcase classname="A_Test.Basics4" name="LoginAPIHomeLoan" time="0.0">
    <ignored/>
  </testcase> <!-- LoginAPIHomeLoan -->
  <testcase classname="A_Test.Basics" name="demo" time="0.0">
    <ignored/>
  </testcase> <!-- demo -->
  <testcase classname="A_Test.Basics3" name="APICarLoan" time="0.0">
    <ignored/>
  </testcase> <!-- APICarLoan -->
  <testcase classname="A_Test.Basics4" name="webLoginHomeLoan" time="0.0">
    <ignored/>
  </testcase> <!-- webLoginHomeLoan -->
</testsuite> <!-- Regression -->
