<?xml version="1.0" encoding="UTF-8"?>
<testng-results ignored="0" total="1" passed="1" failed="0" skipped="0">
  <reporter-output>
  </reporter-output>
  <suite started-at="2024-08-22T14:27:30 IST" name="Default suite" finished-at="2024-08-22T14:29:50 IST" duration-ms="139803">
    <groups>
    </groups>
    <test started-at="2024-08-22T14:27:30 IST" name="Default test" finished-at="2024-08-22T14:29:50 IST" duration-ms="139803">
      <class name="opack.OrangeHRM">
        <test-method signature="orangeMethod()[pri:0, instance:opack.OrangeHRM@67f639d3]" started-at="2024-08-22T14:27:30 IST" name="orangeMethod" finished-at="2024-08-22T14:29:50 IST" duration-ms="139686" status="PASS">
          <reporter-output>
          </reporter-output>
        </test-method> <!-- orangeMethod -->
      </class> <!-- opack.OrangeHRM -->
    </test> <!-- Default test -->
  </suite> <!-- Default suite -->
</testng-results>
